[debug] [2018-11-27T18:04:12.025Z] ----------------------------------------------------------------------
[debug] [2018-11-27T18:04:12.028Z] Command:       C:\Program Files\nodejs\node.exe C:\Users\win\AppData\Roaming\npm\node_modules\firebase-tools\lib\bin\firebase.js init
[debug] [2018-11-27T18:04:12.028Z] CLI Version:   6.1.1
[debug] [2018-11-27T18:04:12.028Z] Platform:      win32
[debug] [2018-11-27T18:04:12.028Z] Node Version:  v8.12.0
[debug] [2018-11-27T18:04:12.029Z] Time:          Tue Nov 27 2018 23:34:12 GMT+0530 (India Standard Time)
[debug] [2018-11-27T18:04:12.029Z] ----------------------------------------------------------------------
[debug] 
[debug] [2018-11-27T18:04:12.039Z] > command requires scopes: ["email","openid","https://www.googleapis.com/auth/cloudplatformprojects.readonly","https://www.googleapis.com/auth/firebase","https://www.googleapis.com/auth/cloud-platform"]
[debug] [2018-11-27T18:04:12.039Z] > authorizing via signed-in user
[info] 
     ######## #### ########  ######## ########     ###     ######  ########
     ##        ##  ##     ## ##       ##     ##  ##   ##  ##       ##
     ######    ##  ########  ######   ########  #########  ######  ######
     ##        ##  ##    ##  ##       ##     ## ##     ##       ## ##
     ##       #### ##     ## ######## ########  ##     ##  ######  ########

You're about to initialize a Firebase project in this directory:

  D:\recipes-app

Before we get started, keep in mind:

  * You are initializing in an existing Firebase project directory

[info] 
=== Project Setup
[info] 
[info] First, let's associate this project directory with a Firebase project.
[info] You can create multiple project aliases by running firebase use --add, 
[info] but for now we'll just set up a default project.
[info] 
[info] i  .firebaserc already has a default project, skipping
[info] 
=== Hosting Setup
[info] 
[info] Your public directory is the folder (relative to your project directory) that
[info] will contain Hosting assets to be uploaded with firebase deploy. If you
[info] have a build process for your assets, use your build's output directory.
[info] 
[debug] [2018-11-27T18:04:32.282Z] >>> HTTP REQUEST GET https://www.gstatic.com/firebasejs/releases.json  
 
[debug] [2018-11-27T18:05:14.357Z] Error: connect ETIMEDOUT 172.217.166.35:443
    at TCPConnectWrap.afterConnect [as oncomplete] (net.js:1191:14)
[error] 
[error] Error: Server Error. connect ETIMEDOUT 172.217.166.35:443
